<?xml version="1.0" encoding="UTF-8"?>
<!-- Generated by org.testng.reporters.JUnitReportReporter -->
<testsuite hostname="DESKTOP-KO6CO83" failures="0" tests="1" name="Test_Scenarios.TestMethod_RecommendedItems" time="9.735" errors="0" timestamp="2024-02-18T17:11:21 IST" skipped="0">
  <testcase classname="Test_Scenarios.TestMethod_RecommendedItems" name="saree" time="9.735"/>
</testsuite> <!-- Test_Scenarios.TestMethod_RecommendedItems -->
