<?xml version="1.0" encoding="UTF-8"?>
<!-- Generated by org.testng.reporters.JUnitReportReporter -->
<testsuite hostname="DESKTOP-KO6CO83" failures="0" tests="1" name="Test_Scenarios.TestMethod_SearchProd" time="51.869" errors="0" timestamp="2024-02-18T03:09:49 IST" skipped="0">
  <testcase classname="Test_Scenarios.TestMethod_SearchProd" name="saree" time="51.869"/>
</testsuite> <!-- Test_Scenarios.TestMethod_SearchProd -->
