<?xml version="1.0" encoding="UTF-8"?>
<!-- Generated by org.testng.reporters.JUnitReportReporter -->
<testsuite hostname="DESKTOP-KO6CO83" failures="0" tests="1" name="Test_Scenarios.TC12_TestMethod_AddProduct" time="6.339" errors="0" timestamp="2024-02-21T23:15:37 IST" skipped="0">
  <testcase classname="Test_Scenarios.TC12_TestMethod_AddProduct" name="add" time="6.339"/>
</testsuite> <!-- Test_Scenarios.TC12_TestMethod_AddProduct -->
