<?xml version="1.0" encoding="UTF-8"?>
<!-- Generated by org.testng.reporters.JUnitReportReporter -->
<testsuite hostname="DESKTOP-KO6CO83" failures="0" tests="1" name="Test_Scenarios.TestMethod_PlaceOrder15" time="31.649" errors="0" timestamp="2024-02-18T00:36:53 IST" skipped="0">
  <testcase classname="Test_Scenarios.TestMethod_PlaceOrder15" name="productDescr" time="31.649"/>
</testsuite> <!-- Test_Scenarios.TestMethod_PlaceOrder15 -->
