<?xml version="1.0" encoding="UTF-8"?>
<!-- Generated by org.testng.reporters.JUnitReportReporter -->
<testsuite hostname="DESKTOP-KO6CO83" failures="0" tests="1" name="Test_Scenarios.TestMethod_BillingAddress" time="22.758" errors="0" timestamp="2024-02-18T18:19:17 IST" skipped="0">
  <testcase classname="Test_Scenarios.TestMethod_BillingAddress" name="saree" time="22.758"/>
</testsuite> <!-- Test_Scenarios.TestMethod_BillingAddress -->
