<?xml version="1.0" encoding="UTF-8"?>
<!-- Generated by org.testng.reporters.JUnitReportReporter -->
<testsuite hostname="DESKTOP-KO6CO83" failures="0" tests="1" name="Test_Scenarios.TestMethod_RemoveProduct" time="16.061" errors="0" timestamp="2024-02-18T01:16:10 IST" skipped="0">
  <testcase classname="Test_Scenarios.TestMethod_RemoveProduct" name="removeProd" time="16.061"/>
</testsuite> <!-- Test_Scenarios.TestMethod_RemoveProduct -->
