<?xml version="1.0" encoding="UTF-8"?>
<!-- Generated by org.testng.reporters.JUnitReportReporter -->
<testsuite hostname="DESKTOP-KO6CO83" failures="0" tests="1" name="Test_Scenarios.TestMethod_login" time="15.710" errors="0" timestamp="2024-02-17T23:38:14 IST" skipped="0">
  <testcase classname="Test_Scenarios.TestMethod_login" name="loginpage" time="15.710"/>
</testsuite> <!-- Test_Scenarios.TestMethod_login -->
