<?xml version="1.0" encoding="UTF-8"?>
<!-- Generated by org.testng.reporters.JUnitReportReporter -->
<testsuite hostname="DESKTOP-KO6CO83" failures="0" tests="1" name="Test_Scenarios.TestMethod_SubscriptionCart" time="2.767" errors="0" timestamp="2024-02-17T12:59:02 IST" skipped="0">
  <testcase classname="Test_Scenarios.TestMethod_SubscriptionCart" name="subscribeCart" time="2.767"/>
</testsuite> <!-- Test_Scenarios.TestMethod_SubscriptionCart -->
