<?xml version="1.0" encoding="UTF-8"?>
<!-- Generated by org.testng.reporters.JUnitReportReporter -->
<testsuite hostname="DESKTOP-KO6CO83" failures="0" tests="1" name="Test_Scenarios.TestMethod_ScrollUpWithArrow" time="10.156" errors="0" timestamp="2024-02-18T19:55:35 IST" skipped="0">
  <testcase classname="Test_Scenarios.TestMethod_ScrollUpWithArrow" name="downloadInvoice" time="10.156"/>
</testsuite> <!-- Test_Scenarios.TestMethod_ScrollUpWithArrow -->
