<?xml version="1.0" encoding="UTF-8"?>
<!-- Generated by org.testng.reporters.JUnitReportReporter -->
<testsuite hostname="DESKTOP-KO6CO83" failures="0" tests="1" name="Test_Scenarios.TestMethod_ReviewProduct" time="9.529" errors="0" timestamp="2024-02-18T16:41:25 IST" skipped="0">
  <testcase classname="Test_Scenarios.TestMethod_ReviewProduct" name="saree" time="9.529"/>
</testsuite> <!-- Test_Scenarios.TestMethod_ReviewProduct -->
