<?xml version="1.0" encoding="UTF-8"?>
<!-- Generated by org.testng.reporters.JUnitReportReporter -->
<testsuite hostname="DESKTOP-KO6CO83" failures="0" tests="1" name="Test_Scenarios.TestMethod_AllProducts" time="5.011" errors="0" timestamp="2024-02-15T00:18:52 IST" skipped="0">
  <testcase classname="Test_Scenarios.TestMethod_AllProducts" name="productDescr" time="5.011"/>
</testsuite> <!-- Test_Scenarios.TestMethod_AllProducts -->
