<?xml version="1.0" encoding="UTF-8"?>
<!-- Generated by org.testng.reporters.JUnitReportReporter -->
<testsuite hostname="DESKTOP-KO6CO83" failures="0" tests="1" name="Test_Scenarios.TestMethod_ViewProduct" time="10.537" errors="0" timestamp="2024-02-17T19:27:25 IST" skipped="0">
  <testcase classname="Test_Scenarios.TestMethod_ViewProduct" name="productDescr" time="10.537"/>
</testsuite> <!-- Test_Scenarios.TestMethod_ViewProduct -->
