<?xml version="1.0" encoding="UTF-8"?>
<!-- Generated by org.testng.reporters.JUnitReportReporter -->
<testsuite hostname="DESKTOP-KO6CO83" failures="0" tests="1" name="Test_Scenarios.TC1_TestMethod_login" time="21.805" errors="0" timestamp="2024-02-21T23:14:07 IST" skipped="0">
  <testcase classname="Test_Scenarios.TC1_TestMethod_login" name="loginpage" time="21.805"/>
</testsuite> <!-- Test_Scenarios.TC1_TestMethod_login -->
