<?xml version="1.0" encoding="UTF-8"?>
<!-- Generated by org.testng.reporters.JUnitReportReporter -->
<testsuite hostname="DESKTOP-KO6CO83" failures="0" tests="1" name="Test_Scenarios.TestMethod_ContactUs" time="13.160" errors="0" timestamp="2024-02-14T22:57:46 IST" skipped="0">
  <testcase classname="Test_Scenarios.TestMethod_ContactUs" name="clickContactUs" time="13.160"/>
</testsuite> <!-- Test_Scenarios.TestMethod_ContactUs -->
