<?xml version="1.0" encoding="UTF-8"?>
<!-- Generated by org.testng.reporters.JUnitReportReporter -->
<testsuite hostname="DESKTOP-KO6CO83" failures="0" tests="1" name="Test_Scenarios.TestMethod_TestCasesPage" time="0.187" errors="0" timestamp="2024-02-15T00:29:53 IST" skipped="0">
  <testcase classname="Test_Scenarios.TestMethod_TestCasesPage" name="testCasePage" time="0.187"/>
</testsuite> <!-- Test_Scenarios.TestMethod_TestCasesPage -->
