<?xml version="1.0" encoding="UTF-8"?>
<!-- Generated by org.testng.reporters.JUnitReportReporter -->
<testsuite hostname="DESKTOP-KO6CO83" failures="0" tests="1" name="Test_Scenarios.TestMethod_SearchProduct" time="2.797" errors="0" timestamp="2024-02-15T23:39:35 IST" skipped="0">
  <testcase classname="Test_Scenarios.TestMethod_SearchProduct" name="search" time="2.797"/>
</testsuite> <!-- Test_Scenarios.TestMethod_SearchProduct -->
