<?xml version="1.0" encoding="UTF-8"?>
<!-- Generated by org.testng.reporters.JUnitReportReporter -->
<testsuite hostname="DESKTOP-KO6CO83" failures="0" tests="1" name="Test_Scenarios.TestMethod_Logout" time="4.822" errors="0" timestamp="2024-02-14T22:04:37 IST" skipped="0">
  <testcase classname="Test_Scenarios.TestMethod_Logout" name="logoutpage" time="4.822"/>
</testsuite> <!-- Test_Scenarios.TestMethod_Logout -->
