<?xml version="1.0" encoding="UTF-8"?>
<!-- Generated by org.testng.reporters.JUnitReportReporter -->
<testsuite hostname="DESKTOP-KO6CO83" failures="0" tests="1" name="Test_Scenarios.TestMethod_DownloadInvoice" time="51.256" errors="0" timestamp="2024-02-18T19:15:41 IST" skipped="0">
  <testcase classname="Test_Scenarios.TestMethod_DownloadInvoice" name="saree" time="51.256"/>
</testsuite> <!-- Test_Scenarios.TestMethod_DownloadInvoice -->
