<?xml version="1.0" encoding="UTF-8"?>
<!-- Generated by org.testng.reporters.JUnitReportReporter -->
<testsuite hostname="DESKTOP-KO6CO83" failures="0" tests="1" name="Test_Scenarios.TestMethod_AddProduct" time="1.893" errors="0" timestamp="2024-02-17T19:19:14 IST" skipped="0">
  <testcase classname="Test_Scenarios.TestMethod_AddProduct" name="add" time="1.893"/>
</testsuite> <!-- Test_Scenarios.TestMethod_AddProduct -->
