<?xml version="1.0" encoding="UTF-8"?>
<!-- Generated by org.testng.reporters.JUnitReportReporter -->
<testsuite hostname="DESKTOP-KO6CO83" failures="0" tests="1" name="Test_Scenarios.TestMethod_LoginValid" time="9.899" errors="0" timestamp="2024-02-14T21:27:51 IST" skipped="0">
  <testcase classname="Test_Scenarios.TestMethod_LoginValid" name="loginpage" time="9.899"/>
</testsuite> <!-- Test_Scenarios.TestMethod_LoginValid -->
