<?xml version="1.0" encoding="UTF-8"?>
<!-- Generated by org.testng.reporters.JUnitReportReporter -->
<testsuite hostname="DESKTOP-KO6CO83" failures="0" tests="1" name="Test_Scenarios.TestMethod_Subscription" time="1.553" errors="0" timestamp="2024-02-17T13:04:40 IST" skipped="0">
  <testcase classname="Test_Scenarios.TestMethod_Subscription" name="subscribe" time="1.553"/>
</testsuite> <!-- Test_Scenarios.TestMethod_Subscription -->
