<?xml version="1.0" encoding="UTF-8"?>
<!-- Generated by org.testng.reporters.JUnitReportReporter -->
<testsuite hostname="DESKTOP-KO6CO83" failures="0" tests="1" name="Test_Scenarios.TestMethod_ScrollWithoutArrow" time="10.198" errors="0" timestamp="2024-02-18T19:58:59 IST" skipped="0">
  <testcase classname="Test_Scenarios.TestMethod_ScrollWithoutArrow" name="scrollWithoutArrow" time="10.198"/>
</testsuite> <!-- Test_Scenarios.TestMethod_ScrollWithoutArrow -->
